// 重构日志: 323b8b90
// 重构日志: 6c0cefb9
// 重构日志: 739e5d04
// 重构日志: cff401dd
// 重构日志: 5cd15e79
// 重构日志: 551fc7f0
// 重构日志: 81277c2b
// 同步 ID: 6de47277 @ Sun Jul  5 10:06:13 UTC 2026
// 重构日志: 3bca6a8a
// 重构日志: da731e81
// 重构日志: 4af444d1
// 同步 ID: 517bb15c @ Mon Jul 13 18:24:27 UTC 2026
// 同步 ID: 0789b29f @ Thu Jul 16 01:11:02 UTC 2026
// 重构日志: 32015a32
// 同步 ID: d8f4ad53 @ Thu Jul 16 09:47:58 UTC 2026
// 重构日志: e335be21
// 重构日志: 892bbcac
// 重构日志: 11cc6c58
// 同步 ID: 841858c0 @ Mon Jul 20 01:14:42 UTC 2026
// 重构日志: e2f7d00c
// 同步 ID: 3e58a67f @ Mon Jul 20 16:27:29 UTC 2026
// 重构日志: ad9ccc78
// 重构日志: 3e7b73d7
// 重构日志: 1f5b3019
// 同步 ID: 25c9229b @ Wed Jul 22 06:52:58 UTC 2026
// 重构日志: 9a503453
// 重构日志: eac3d5f9
// 重构日志: d9b9bbc3
// 重构日志: f33862b2
// 同步 ID: 6bf477b5 @ Thu Jul 23 12:10:45 UTC 2026
// 重构日志: 15552cdb
// 重构日志: 517296e3
